<?xml version="1.0" encoding="UTF-8"?>
<testng-results ignored="0" total="1" passed="1" failed="0" skipped="0">
  <reporter-output>
  </reporter-output>
  <suite started-at="2024-01-24T11:34:39 CET" name="Surefire suite" finished-at="2024-01-24T11:34:55 CET" duration-ms="16453">
    <groups>
    </groups>
    <test started-at="2024-01-24T11:34:39 CET" name="Surefire test" finished-at="2024-01-24T11:34:55 CET" duration-ms="16453">
      <class name="tests.Tests">
        <test-method is-config="true" signature="setUp()[pri:0, instance:tests.Tests@5b0abc94]" started-at="2024-01-24T11:34:39 CET" name="setUp" finished-at="2024-01-24T11:34:43 CET" duration-ms="4162" status="PASS">
          <reporter-output>
          </reporter-output>
        </test-method> <!-- setUp -->
        <test-method signature="searchGoogle()[pri:0, instance:tests.Tests@5b0abc94]" started-at="2024-01-24T11:34:43 CET" name="searchGoogle" finished-at="2024-01-24T11:34:55 CET" duration-ms="12152" status="PASS">
          <reporter-output>
          </reporter-output>
        </test-method> <!-- searchGoogle -->
        <test-method is-config="true" signature="tearDown()[pri:0, instance:tests.Tests@5b0abc94]" started-at="2024-01-24T11:34:55 CET" name="tearDown" finished-at="2024-01-24T11:34:55 CET" duration-ms="110" status="PASS">
          <reporter-output>
          </reporter-output>
        </test-method> <!-- tearDown -->
      </class> <!-- tests.Tests -->
    </test> <!-- Surefire test -->
  </suite> <!-- Surefire suite -->
</testng-results>
